Arguments: 
  /usr/local/Cellar/node/7.5.0/bin/node /usr/local/bin/yarn install

PATH: 
  /Library/Frameworks/Python.framework/Versions/3.6/bin:/Library/Frameworks/Python.framework/Versions/3.4/bin:/usr/local/bin:/usr/bin:/bin:/usr/sbin:/sbin:/usr/local/sbin

Yarn version: 
  0.19.1

Node version: 
  7.5.0

Platform: 
  darwin x64

npm manifest: 
  {
    "name": "ember-quickfiles",
    "version": "0.0.0",
    "description": "Small description for ember-quickfiles goes here",
    "license": "MIT",
    "author": "",
    "directories": {
      "doc": "doc",
      "test": "tests"
    },
    "repository": "",
    "scripts": {
      "build": "ember build",
      "start": "ember server",
      "test": "ember test"
    },
    "devDependencies": {
      "@centerforopenscience/ember-osf": "file:///Users/henriqueharman/Desktop/ember-osf",
      "bootstrap": "^3.3.7",
      "broccoli-asset-rev": "^2.4.5",
      "ember-ajax": "^2.4.1",
      "ember-bootstrap": "1.0.0-rc.1",
      "ember-cli": "2.11.1",
      "ember-cli-app-version": "^2.0.0",
      "ember-cli-babel": "^5.1.7",
      "ember-cli-clipboard": "0.8.0",
      "ember-cli-dependency-checker": "^1.3.0",
      "ember-cli-htmlbars": "^1.1.1",
      "ember-cli-htmlbars-inline-precompile": "^0.3.6",
      "ember-cli-inject-live-reload": "^1.4.1",
      "ember-cli-jshint": "^2.0.1",
      "ember-cli-qunit": "^3.0.1",
      "ember-cli-release": "^0.2.9",
      "ember-cli-shims": "^1.0.2",
      "ember-cli-sri": "^2.1.0",
      "ember-cli-test-loader": "^1.1.0",
      "ember-cli-uglify": "^1.2.0",
      "ember-data": "^2.11.0",
      "ember-export-application-global": "^1.0.5",
      "ember-font-awesome": "3.0.5",
      "ember-load-initializers": "^0.6.0",
      "ember-resolver": "^2.0.3",
      "ember-source": "~2.11.0",
      "ember-welcome-page": "^2.0.2",
      "loader.js": "^4.0.10"
    },
    "engines": {
      "node": ">= 0.12.0"
    },
    "private": true
  }

yarn manifest: 
  No manifest

Lockfile: 
  No lockfile

Trace: 
  Error: ENOTEMPTY: directory not empty, rmdir '/Users/henriqueharman/Library/Caches/Yarn/npm-@centerforopenscience/ember-osf-0.8.5/tmp/broccoli_persistent_filtersimple_replace-output_path-bT6witZt.tmp'
